<?xml version="1.0" encoding="UTF-8"?>
<!-- Generated by org.testng.reporters.JUnitReportReporter -->
<testsuite skipped="0" hostname="DESKTOP-563RABA" name="grid.GridExample" tests="1" failures="0" timestamp="06 Dec 2017 13:55:34 GMT" time="37.964" errors="0">
  <testcase name="runFirefox" time="37.964" classname="grid.GridExample"/>
</testsuite> <!-- grid.GridExample -->
